Build started 04/12/2015 19:12:19.
     1>Project "C:\Users\Davy-san\Desktop\ifes\Programação 2\Trabalho Matriz e File Final\Trabalho Matriz file Final\Trabalho Matriz file Final\Trabalho Matriz file Final.vcxproj" on node 2 (Build target(s)).
     1>ClCompile:
         C:\Program Files (x86)\Microsoft Visual Studio 14.0\VC\bin\CL.exe /c /ZI /nologo /W3 /WX- /Od /Oy- /D WIN32 /D _DEBUG /D _CONSOLE /D _UNICODE /D UNICODE /Gm /EHsc /RTC1 /MDd /GS /fp:precise /Zc:wchar_t /Zc:forScope /Zc:inline /Fo"Debug\\" /Fd"Debug\vc140.pdb" /Gd /TP /analyze- /errorReport:prompt Source.cpp
         Source.cpp
     1>c:\users\davy-san\desktop\ifes\programação 2\trabalho matriz e file final\trabalho matriz file final\trabalho matriz file final\source.cpp(54): warning C4996: 'fopen': This function or variable may be unsafe. Consider using fopen_s instead. To disable deprecation, use _CRT_SECURE_NO_WARNINGS. See online help for details.
         c:\program files (x86)\windows kits\10\include\10.0.10150.0\ucrt\stdio.h(205): note: see declaration of 'fopen'
     1>c:\users\davy-san\desktop\ifes\programação 2\trabalho matriz e file final\trabalho matriz file final\trabalho matriz file final\source.cpp(60): warning C4996: 'fscanf': This function or variable may be unsafe. Consider using fscanf_s instead. To disable deprecation, use _CRT_SECURE_NO_WARNINGS. See online help for details.
         c:\program files (x86)\windows kits\10\include\10.0.10150.0\ucrt\stdio.h(1193): note: see declaration of 'fscanf'
     1>c:\users\davy-san\desktop\ifes\programação 2\trabalho matriz e file final\trabalho matriz file final\trabalho matriz file final\source.cpp(63): warning C4996: 'fscanf': This function or variable may be unsafe. Consider using fscanf_s instead. To disable deprecation, use _CRT_SECURE_NO_WARNINGS. See online help for details.
         c:\program files (x86)\windows kits\10\include\10.0.10150.0\ucrt\stdio.h(1193): note: see declaration of 'fscanf'
     1>c:\users\davy-san\desktop\ifes\programação 2\trabalho matriz e file final\trabalho matriz file final\trabalho matriz file final\source.cpp(64): warning C4996: 'strcpy': This function or variable may be unsafe. Consider using strcpy_s instead. To disable deprecation, use _CRT_SECURE_NO_WARNINGS. See online help for details.
         c:\program files (x86)\windows kits\10\include\10.0.10150.0\ucrt\string.h(119): note: see declaration of 'strcpy'
     1>c:\users\davy-san\desktop\ifes\programação 2\trabalho matriz e file final\trabalho matriz file final\trabalho matriz file final\source.cpp(72): warning C4996: 'fscanf': This function or variable may be unsafe. Consider using fscanf_s instead. To disable deprecation, use _CRT_SECURE_NO_WARNINGS. See online help for details.
         c:\program files (x86)\windows kits\10\include\10.0.10150.0\ucrt\stdio.h(1193): note: see declaration of 'fscanf'
     1>c:\users\davy-san\desktop\ifes\programação 2\trabalho matriz e file final\trabalho matriz file final\trabalho matriz file final\source.cpp(73): warning C4996: 'strcpy': This function or variable may be unsafe. Consider using strcpy_s instead. To disable deprecation, use _CRT_SECURE_NO_WARNINGS. See online help for details.
         c:\program files (x86)\windows kits\10\include\10.0.10150.0\ucrt\string.h(119): note: see declaration of 'strcpy'
     1>c:\users\davy-san\desktop\ifes\programação 2\trabalho matriz e file final\trabalho matriz file final\trabalho matriz file final\source.cpp(79): warning C4996: 'strcpy': This function or variable may be unsafe. Consider using strcpy_s instead. To disable deprecation, use _CRT_SECURE_NO_WARNINGS. See online help for details.
         c:\program files (x86)\windows kits\10\include\10.0.10150.0\ucrt\string.h(119): note: see declaration of 'strcpy'
     1>c:\users\davy-san\desktop\ifes\programação 2\trabalho matriz e file final\trabalho matriz file final\trabalho matriz file final\source.cpp(47): warning C4101: 'soma': unreferenced local variable
     1>c:\users\davy-san\desktop\ifes\programação 2\trabalho matriz e file final\trabalho matriz file final\trabalho matriz file final\source.cpp(109): warning C4996: 'fopen': This function or variable may be unsafe. Consider using fopen_s instead. To disable deprecation, use _CRT_SECURE_NO_WARNINGS. See online help for details.
         c:\program files (x86)\windows kits\10\include\10.0.10150.0\ucrt\stdio.h(205): note: see declaration of 'fopen'
     1>c:\users\davy-san\desktop\ifes\programação 2\trabalho matriz e file final\trabalho matriz file final\trabalho matriz file final\source.cpp(115): warning C4996: 'fscanf': This function or variable may be unsafe. Consider using fscanf_s instead. To disable deprecation, use _CRT_SECURE_NO_WARNINGS. See online help for details.
         c:\program files (x86)\windows kits\10\include\10.0.10150.0\ucrt\stdio.h(1193): note: see declaration of 'fscanf'
     1>c:\users\davy-san\desktop\ifes\programação 2\trabalho matriz e file final\trabalho matriz file final\trabalho matriz file final\source.cpp(118): warning C4996: 'fscanf': This function or variable may be unsafe. Consider using fscanf_s instead. To disable deprecation, use _CRT_SECURE_NO_WARNINGS. See online help for details.
         c:\program files (x86)\windows kits\10\include\10.0.10150.0\ucrt\stdio.h(1193): note: see declaration of 'fscanf'
     1>c:\users\davy-san\desktop\ifes\programação 2\trabalho matriz e file final\trabalho matriz file final\trabalho matriz file final\source.cpp(119): warning C4996: 'strcpy': This function or variable may be unsafe. Consider using strcpy_s instead. To disable deprecation, use _CRT_SECURE_NO_WARNINGS. See online help for details.
         c:\program files (x86)\windows kits\10\include\10.0.10150.0\ucrt\string.h(119): note: see declaration of 'strcpy'
     1>c:\users\davy-san\desktop\ifes\programação 2\trabalho matriz e file final\trabalho matriz file final\trabalho matriz file final\source.cpp(126): warning C4996: 'fscanf': This function or variable may be unsafe. Consider using fscanf_s instead. To disable deprecation, use _CRT_SECURE_NO_WARNINGS. See online help for details.
         c:\program files (x86)\windows kits\10\include\10.0.10150.0\ucrt\stdio.h(1193): note: see declaration of 'fscanf'
     1>c:\users\davy-san\desktop\ifes\programação 2\trabalho matriz e file final\trabalho matriz file final\trabalho matriz file final\source.cpp(127): warning C4996: 'strcpy': This function or variable may be unsafe. Consider using strcpy_s instead. To disable deprecation, use _CRT_SECURE_NO_WARNINGS. See online help for details.
         c:\program files (x86)\windows kits\10\include\10.0.10150.0\ucrt\string.h(119): note: see declaration of 'strcpy'
     1>c:\users\davy-san\desktop\ifes\programação 2\trabalho matriz e file final\trabalho matriz file final\trabalho matriz file final\source.cpp(130): warning C4996: 'strcpy': This function or variable may be unsafe. Consider using strcpy_s instead. To disable deprecation, use _CRT_SECURE_NO_WARNINGS. See online help for details.
         c:\program files (x86)\windows kits\10\include\10.0.10150.0\ucrt\string.h(119): note: see declaration of 'strcpy'
     1>c:\users\davy-san\desktop\ifes\programação 2\trabalho matriz e file final\trabalho matriz file final\trabalho matriz file final\source.cpp(159): warning C4996: 'fopen': This function or variable may be unsafe. Consider using fopen_s instead. To disable deprecation, use _CRT_SECURE_NO_WARNINGS. See online help for details.
         c:\program files (x86)\windows kits\10\include\10.0.10150.0\ucrt\stdio.h(205): note: see declaration of 'fopen'
     1>c:\users\davy-san\desktop\ifes\programação 2\trabalho matriz e file final\trabalho matriz file final\trabalho matriz file final\source.cpp(165): warning C4996: 'fscanf': This function or variable may be unsafe. Consider using fscanf_s instead. To disable deprecation, use _CRT_SECURE_NO_WARNINGS. See online help for details.
         c:\program files (x86)\windows kits\10\include\10.0.10150.0\ucrt\stdio.h(1193): note: see declaration of 'fscanf'
     1>c:\users\davy-san\desktop\ifes\programação 2\trabalho matriz e file final\trabalho matriz file final\trabalho matriz file final\source.cpp(168): warning C4996: 'fscanf': This function or variable may be unsafe. Consider using fscanf_s instead. To disable deprecation, use _CRT_SECURE_NO_WARNINGS. See online help for details.
         c:\program files (x86)\windows kits\10\include\10.0.10150.0\ucrt\stdio.h(1193): note: see declaration of 'fscanf'
     1>c:\users\davy-san\desktop\ifes\programação 2\trabalho matriz e file final\trabalho matriz file final\trabalho matriz file final\source.cpp(169): warning C4996: 'strcpy': This function or variable may be unsafe. Consider using strcpy_s instead. To disable deprecation, use _CRT_SECURE_NO_WARNINGS. See online help for details.
         c:\program files (x86)\windows kits\10\include\10.0.10150.0\ucrt\string.h(119): note: see declaration of 'strcpy'
     1>c:\users\davy-san\desktop\ifes\programação 2\trabalho matriz e file final\trabalho matriz file final\trabalho matriz file final\source.cpp(176): warning C4996: 'fscanf': This function or variable may be unsafe. Consider using fscanf_s instead. To disable deprecation, use _CRT_SECURE_NO_WARNINGS. See online help for details.
         c:\program files (x86)\windows kits\10\include\10.0.10150.0\ucrt\stdio.h(1193): note: see declaration of 'fscanf'
     1>c:\users\davy-san\desktop\ifes\programação 2\trabalho matriz e file final\trabalho matriz file final\trabalho matriz file final\source.cpp(177): warning C4996: 'strcpy': This function or variable may be unsafe. Consider using strcpy_s instead. To disable deprecation, use _CRT_SECURE_NO_WARNINGS. See online help for details.
         c:\program files (x86)\windows kits\10\include\10.0.10150.0\ucrt\string.h(119): note: see declaration of 'strcpy'
     1>c:\users\davy-san\desktop\ifes\programação 2\trabalho matriz e file final\trabalho matriz file final\trabalho matriz file final\source.cpp(182): warning C4996: 'strcpy': This function or variable may be unsafe. Consider using strcpy_s instead. To disable deprecation, use _CRT_SECURE_NO_WARNINGS. See online help for details.
         c:\program files (x86)\windows kits\10\include\10.0.10150.0\ucrt\string.h(119): note: see declaration of 'strcpy'
       Link:
         C:\Program Files (x86)\Microsoft Visual Studio 14.0\VC\bin\link.exe /ERRORREPORT:PROMPT /OUT:"C:\Users\Davy-san\Desktop\ifes\Programação 2\Trabalho Matriz e File Final\Trabalho Matriz file Final\Debug\Trabalho Matriz file Final.exe" /INCREMENTAL /NOLOGO kernel32.lib user32.lib gdi32.lib winspool.lib comdlg32.lib advapi32.lib shell32.lib ole32.lib oleaut32.lib uuid.lib odbc32.lib odbccp32.lib /MANIFEST /MANIFESTUAC:"level='asInvoker' uiAccess='false'" /manifest:embed /Debug /PDB:"C:\Users\Davy-san\Desktop\ifes\Programação 2\Trabalho Matriz e File Final\Trabalho Matriz file Final\Debug\Trabalho Matriz file Final.pdb" /SUBSYSTEM:CONSOLE /TLBID:1 /DYNAMICBASE /NXCOMPAT /IMPLIB:"C:\Users\Davy-san\Desktop\ifes\Programação 2\Trabalho Matriz e File Final\Trabalho Matriz file Final\Debug\Trabalho Matriz file Final.lib" /MACHINE:X86 Debug\Source.obj
         Trabalho Matriz file Final.vcxproj -> C:\Users\Davy-san\Desktop\ifes\Programação 2\Trabalho Matriz e File Final\Trabalho Matriz file Final\Debug\Trabalho Matriz file Final.exe
     1>Done Building Project "C:\Users\Davy-san\Desktop\ifes\Programação 2\Trabalho Matriz e File Final\Trabalho Matriz file Final\Trabalho Matriz file Final\Trabalho Matriz file Final.vcxproj" (Build target(s)).

Build succeeded.

Time Elapsed 00:00:00.79
